{"/home/runner/work/nexus-command/nexus-command/src/handlers/handleMissionStart.ts": {"path":"/home/runner/work/nexus-command/nexus-command/src/handlers/handleMissionStart.ts","statementMap":{"0":{"start":{"line":2,"column":2},"end":{"line":4,"column":null}},"1":{"start":{"line":3,"column":4},"end":{"line":3,"column":null}},"2":{"start":{"line":5,"column":2},"end":{"line":5,"column":null}},"3":{"start":{"line":6,"column":2},"end":{"line":8,"column":null}},"4":{"start":{"line":7,"column":4},"end":{"line":7,"column":null}}},"fnMap":{"0":{"name":"handleMissionStart","decl":{"start":{"line":1,"column":16},"end":{"line":1,"column":35}},"loc":{"start":{"line":1,"column":114},"end":{"line":9,"column":null}},"line":1},"1":{"name":"(anonymous_1)","decl":{"start":{"line":6,"column":13},"end":{"line":6,"column":19}},"loc":{"start":{"line":6,"column":19},"end":{"line":8,"column":5}},"line":6}},"branchMap":{"0":{"loc":{"start":{"line":2,"column":2},"end":{"line":4,"column":null}},"type":"if","locations":[{"start":{"line":2,"column":2},"end":{"line":4,"column":null}},{"start":{},"end":{}}],"line":2}},"s":{"0":2,"1":1,"2":1,"3":1,"4":1},"f":{"0":2,"1":1},"b":{"0":[1,1]},"meta":{"lastBranch":1,"lastFunction":2,"lastStatement":5,"seen":{"f:1:16:1:35":0,"b:2:2:4:Infinity:undefined:undefined:undefined:undefined":0,"s:2:2:4:Infinity":0,"s:3:4:3:Infinity":1,"s:5:2:5:Infinity":2,"s:6:2:8:Infinity":3,"f:6:13:6:19":1,"s:7:4:7:Infinity":4}}}
,"/home/runner/work/nexus-command/nexus-command/src/handlers/handleNavigate.ts": {"path":"/home/runner/work/nexus-command/nexus-command/src/handlers/handleNavigate.ts","statementMap":{"0":{"start":{"line":3,"column":43},"end":{"line":11,"column":null}},"1":{"start":{"line":14,"column":2},"end":{"line":14,"column":null}},"2":{"start":{"line":18,"column":2},"end":{"line":26,"column":null}},"3":{"start":{"line":19,"column":4},"end":{"line":24,"column":null}},"4":{"start":{"line":23,"column":6},"end":{"line":23,"column":null}},"5":{"start":{"line":25,"column":4},"end":{"line":25,"column":null}},"6":{"start":{"line":28,"column":2},"end":{"line":31,"column":null}},"7":{"start":{"line":29,"column":4},"end":{"line":29,"column":null}},"8":{"start":{"line":30,"column":4},"end":{"line":30,"column":null}},"9":{"start":{"line":33,"column":2},"end":{"line":33,"column":null}}},"fnMap":{"0":{"name":"isValidScreen","decl":{"start":{"line":13,"column":9},"end":{"line":13,"column":23}},"loc":{"start":{"line":13,"column":57},"end":{"line":15,"column":null}},"line":13},"1":{"name":"handleNavigate","decl":{"start":{"line":17,"column":16},"end":{"line":17,"column":31}},"loc":{"start":{"line":17,"column":62},"end":{"line":34,"column":null}},"line":17}},"branchMap":{"0":{"loc":{"start":{"line":18,"column":2},"end":{"line":26,"column":null}},"type":"if","locations":[{"start":{"line":18,"column":2},"end":{"line":26,"column":null}},{"start":{},"end":{}}],"line":18},"1":{"loc":{"start":{"line":19,"column":4},"end":{"line":24,"column":null}},"type":"if","locations":[{"start":{"line":19,"column":4},"end":{"line":24,"column":null}},{"start":{},"end":{}}],"line":19},"2":{"loc":{"start":{"line":28,"column":2},"end":{"line":31,"column":null}},"type":"if","locations":[{"start":{"line":28,"column":2},"end":{"line":31,"column":null}},{"start":{},"end":{}}],"line":28}},"s":{"0":1,"1":2,"2":4,"3":2,"4":1,"5":1,"6":2,"7":1,"8":1,"9":1},"f":{"0":2,"1":4},"b":{"0":[2,2],"1":[1,1],"2":[1,1]},"meta":{"lastBranch":3,"lastFunction":2,"lastStatement":10,"seen":{"s:3:43:11:Infinity":0,"f:13:9:13:23":0,"s:14:2:14:Infinity":1,"f:17:16:17:31":1,"b:18:2:26:Infinity:undefined:undefined:undefined:undefined":0,"s:18:2:26:Infinity":2,"b:19:4:24:Infinity:undefined:undefined:undefined:undefined":1,"s:19:4:24:Infinity":3,"s:23:6:23:Infinity":4,"s:25:4:25:Infinity":5,"b:28:2:31:Infinity:undefined:undefined:undefined:undefined":2,"s:28:2:31:Infinity":6,"s:29:4:29:Infinity":7,"s:30:4:30:Infinity":8,"s:33:2:33:Infinity":9}}}
,"/home/runner/work/nexus-command/nexus-command/src/handlers/handleServerJoin.ts": {"path":"/home/runner/work/nexus-command/nexus-command/src/handlers/handleServerJoin.ts","statementMap":{"0":{"start":{"line":2,"column":2},"end":{"line":4,"column":null}},"1":{"start":{"line":3,"column":4},"end":{"line":3,"column":null}}},"fnMap":{"0":{"name":"handleServerJoin","decl":{"start":{"line":1,"column":16},"end":{"line":1,"column":33}},"loc":{"start":{"line":1,"column":70},"end":{"line":5,"column":null}},"line":1}},"branchMap":{"0":{"loc":{"start":{"line":2,"column":2},"end":{"line":4,"column":null}},"type":"if","locations":[{"start":{"line":2,"column":2},"end":{"line":4,"column":null}},{"start":{},"end":{}}],"line":2}},"s":{"0":2,"1":1},"f":{"0":2},"b":{"0":[1,1]},"meta":{"lastBranch":1,"lastFunction":1,"lastStatement":2,"seen":{"f:1:16:1:33":0,"b:2:2:4:Infinity:undefined:undefined:undefined:undefined":0,"s:2:2:4:Infinity":0,"s:3:4:3:Infinity":1}}}
,"/home/runner/work/nexus-command/nexus-command/src/handlers/handleServerRefresh.ts": {"path":"/home/runner/work/nexus-command/nexus-command/src/handlers/handleServerRefresh.ts","statementMap":{"0":{"start":{"line":8,"column":2},"end":{"line":8,"column":null}},"1":{"start":{"line":9,"column":2},"end":{"line":12,"column":null}},"2":{"start":{"line":10,"column":4},"end":{"line":10,"column":null}},"3":{"start":{"line":11,"column":4},"end":{"line":11,"column":null}}},"fnMap":{"0":{"name":"handleServerRefresh","decl":{"start":{"line":4,"column":16},"end":{"line":4,"column":null}},"loc":{"start":{"line":7,"column":8},"end":{"line":13,"column":null}},"line":7},"1":{"name":"(anonymous_1)","decl":{"start":{"line":9,"column":13},"end":{"line":9,"column":19}},"loc":{"start":{"line":9,"column":19},"end":{"line":12,"column":5}},"line":9}},"branchMap":{},"s":{"0":1,"1":1,"2":1,"3":1},"f":{"0":1,"1":1},"b":{},"meta":{"lastBranch":0,"lastFunction":2,"lastStatement":4,"seen":{"f:4:16:4:Infinity":0,"s:8:2:8:Infinity":0,"s:9:2:12:Infinity":1,"f:9:13:9:19":1,"s:10:4:10:Infinity":2,"s:11:4:11:Infinity":3}}}
,"/home/runner/work/nexus-command/nexus-command/src/utils/calculateKD.ts": {"path":"/home/runner/work/nexus-command/nexus-command/src/utils/calculateKD.ts","statementMap":{"0":{"start":{"line":2,"column":2},"end":{"line":2,"column":null}}},"fnMap":{"0":{"name":"calculateKD","decl":{"start":{"line":1,"column":16},"end":{"line":1,"column":28}},"loc":{"start":{"line":1,"column":67},"end":{"line":3,"column":null}},"line":1}},"branchMap":{},"s":{"0":8},"f":{"0":8},"b":{},"meta":{"lastBranch":0,"lastFunction":1,"lastStatement":1,"seen":{"f:1:16:1:28":0,"s:2:2:2:Infinity":0}}}
,"/home/runner/work/nexus-command/nexus-command/src/utils/calculateWinRate.ts": {"path":"/home/runner/work/nexus-command/nexus-command/src/utils/calculateWinRate.ts","statementMap":{"0":{"start":{"line":2,"column":2},"end":{"line":2,"column":null}}},"fnMap":{"0":{"name":"calculateWinRate","decl":{"start":{"line":1,"column":16},"end":{"line":1,"column":33}},"loc":{"start":{"line":1,"column":71},"end":{"line":3,"column":null}},"line":1}},"branchMap":{},"s":{"0":9},"f":{"0":9},"b":{},"meta":{"lastBranch":0,"lastFunction":1,"lastStatement":1,"seen":{"f:1:16:1:33":0,"s:2:2:2:Infinity":0}}}
,"/home/runner/work/nexus-command/nexus-command/src/utils/filterServers.ts": {"path":"/home/runner/work/nexus-command/nexus-command/src/utils/filterServers.ts","statementMap":{"0":{"start":{"line":4,"column":2},"end":{"line":8,"column":null}},"1":{"start":{"line":6,"column":6},"end":{"line":7,"column":null}}},"fnMap":{"0":{"name":"filterServers","decl":{"start":{"line":3,"column":16},"end":{"line":3,"column":30}},"loc":{"start":{"line":3,"column":74},"end":{"line":9,"column":null}},"line":3},"1":{"name":"(anonymous_1)","decl":{"start":{"line":5,"column":4},"end":{"line":5,"column":5}},"loc":{"start":{"line":6,"column":6},"end":{"line":7,"column":null}},"line":6}},"branchMap":{"0":{"loc":{"start":{"line":6,"column":6},"end":{"line":7,"column":null}},"type":"binary-expr","locations":[{"start":{"line":6,"column":6},"end":{"line":6,"column":null}},{"start":{"line":7,"column":6},"end":{"line":7,"column":null}}],"line":6}},"s":{"0":10,"1":27},"f":{"0":10,"1":27},"b":{"0":[27,20]},"meta":{"lastBranch":1,"lastFunction":2,"lastStatement":2,"seen":{"f:3:16:3:30":0,"s:4:2:8:Infinity":0,"f:5:4:5:5":1,"s:6:6:7:Infinity":1,"b:6:6:6:Infinity:7:6:7:Infinity":0}}}
,"/home/runner/work/nexus-command/nexus-command/src/utils/generateServers.ts": {"path":"/home/runner/work/nexus-command/nexus-command/src/utils/generateServers.ts","statementMap":{"0":{"start":{"line":4,"column":22},"end":{"line":11,"column":null}},"1":{"start":{"line":13,"column":15},"end":{"line":13,"column":null}},"2":{"start":{"line":14,"column":16},"end":{"line":14,"column":null}},"3":{"start":{"line":15,"column":18},"end":{"line":15,"column":null}},"4":{"start":{"line":17,"column":2},"end":{"line":26,"column":null}},"5":{"start":{"line":17,"column":39},"end":{"line":26,"column":4}}},"fnMap":{"0":{"name":"generateServers","decl":{"start":{"line":3,"column":16},"end":{"line":3,"column":44}},"loc":{"start":{"line":3,"column":44},"end":{"line":27,"column":null}},"line":3},"1":{"name":"(anonymous_1)","decl":{"start":{"line":17,"column":25},"end":{"line":17,"column":26}},"loc":{"start":{"line":17,"column":39},"end":{"line":26,"column":4}},"line":17}},"branchMap":{},"s":{"0":13,"1":13,"2":13,"3":13,"4":13,"5":78},"f":{"0":13,"1":78},"b":{},"meta":{"lastBranch":0,"lastFunction":2,"lastStatement":6,"seen":{"f:3:16:3:44":0,"s:4:22:11:Infinity":0,"s:13:15:13:Infinity":1,"s:14:16:14:Infinity":2,"s:15:18:15:Infinity":3,"s:17:2:26:Infinity":4,"f:17:25:17:26":1,"s:17:39:26:4":5}}}
,"/home/runner/work/nexus-command/nexus-command/src/utils/handleConsoleCommand.ts": {"path":"/home/runner/work/nexus-command/nexus-command/src/utils/handleConsoleCommand.ts","statementMap":{"0":{"start":{"line":2,"column":27},"end":{"line":2,"column":null}},"1":{"start":{"line":4,"column":14},"end":{"line":4,"column":null}},"2":{"start":{"line":5,"column":2},"end":{"line":18,"column":null}},"3":{"start":{"line":6,"column":4},"end":{"line":6,"column":null}},"4":{"start":{"line":7,"column":4},"end":{"line":7,"column":null}},"5":{"start":{"line":8,"column":4},"end":{"line":8,"column":null}},"6":{"start":{"line":9,"column":4},"end":{"line":9,"column":null}},"7":{"start":{"line":10,"column":2},"end":{"line":18,"column":null}},"8":{"start":{"line":11,"column":4},"end":{"line":11,"column":null}},"9":{"start":{"line":12,"column":2},"end":{"line":18,"column":null}},"10":{"start":{"line":13,"column":4},"end":{"line":13,"column":null}},"11":{"start":{"line":14,"column":4},"end":{"line":14,"column":null}},"12":{"start":{"line":15,"column":4},"end":{"line":15,"column":null}},"13":{"start":{"line":17,"column":4},"end":{"line":17,"column":null}},"14":{"start":{"line":20,"column":2},"end":{"line":20,"column":null}}},"fnMap":{"0":{"name":"handleConsoleCommand","decl":{"start":{"line":1,"column":16},"end":{"line":1,"column":37}},"loc":{"start":{"line":1,"column":115},"end":{"line":21,"column":null}},"line":1}},"branchMap":{"0":{"loc":{"start":{"line":5,"column":2},"end":{"line":18,"column":null}},"type":"if","locations":[{"start":{"line":5,"column":2},"end":{"line":18,"column":null}},{"start":{"line":10,"column":2},"end":{"line":18,"column":null}}],"line":5},"1":{"loc":{"start":{"line":10,"column":2},"end":{"line":18,"column":null}},"type":"if","locations":[{"start":{"line":10,"column":2},"end":{"line":18,"column":null}},{"start":{"line":12,"column":2},"end":{"line":18,"column":null}}],"line":10},"2":{"loc":{"start":{"line":12,"column":2},"end":{"line":18,"column":null}},"type":"if","locations":[{"start":{"line":12,"column":2},"end":{"line":18,"column":null}},{"start":{"line":16,"column":9},"end":{"line":18,"column":null}}],"line":12}},"s":{"0":15,"1":15,"2":15,"3":4,"4":4,"5":4,"6":4,"7":11,"8":3,"9":8,"10":4,"11":4,"12":4,"13":4,"14":12},"f":{"0":15},"b":{"0":[4,11],"1":[3,8],"2":[4,4]},"meta":{"lastBranch":3,"lastFunction":1,"lastStatement":15,"seen":{"f:1:16:1:37":0,"s:2:27:2:Infinity":0,"s:4:14:4:Infinity":1,"b:5:2:18:Infinity:10:2:18:Infinity":0,"s:5:2:18:Infinity":2,"s:6:4:6:Infinity":3,"s:7:4:7:Infinity":4,"s:8:4:8:Infinity":5,"s:9:4:9:Infinity":6,"b:10:2:18:Infinity:12:2:18:Infinity":1,"s:10:2:18:Infinity":7,"s:11:4:11:Infinity":8,"b:12:2:18:Infinity:16:9:18:Infinity":2,"s:12:2:18:Infinity":9,"s:13:4:13:Infinity":10,"s:14:4:14:Infinity":11,"s:15:4:15:Infinity":12,"s:17:4:17:Infinity":13,"s:20:2:20:Infinity":14}}}
,"/home/runner/work/nexus-command/nexus-command/src/utils/notifications.ts": {"path":"/home/runner/work/nexus-command/nexus-command/src/utils/notifications.ts","statementMap":{"0":{"start":{"line":4,"column":29},"end":{"line":4,"column":null}},"1":{"start":{"line":5,"column":41},"end":{"line":5,"column":null}},"2":{"start":{"line":13,"column":26},"end":{"line":21,"column":null}},"3":{"start":{"line":23,"column":2},"end":{"line":23,"column":null}},"4":{"start":{"line":24,"column":2},"end":{"line":24,"column":null}},"5":{"start":{"line":28,"column":22},"end":{"line":28,"column":null}},"6":{"start":{"line":28,"column":50},"end":{"line":28,"column":72}},"7":{"start":{"line":30,"column":2},"end":{"line":38,"column":null}},"8":{"start":{"line":31,"column":4},"end":{"line":31,"column":null}},"9":{"start":{"line":33,"column":4},"end":{"line":37,"column":null}},"10":{"start":{"line":45,"column":22},"end":{"line":45,"column":null}},"11":{"start":{"line":45,"column":50},"end":{"line":45,"column":72}},"12":{"start":{"line":47,"column":2},"end":{"line":53,"column":null}},"13":{"start":{"line":48,"column":4},"end":{"line":48,"column":null}},"14":{"start":{"line":50,"column":4},"end":{"line":52,"column":null}},"15":{"start":{"line":51,"column":6},"end":{"line":51,"column":null}},"16":{"start":{"line":60,"column":22},"end":{"line":60,"column":null}},"17":{"start":{"line":60,"column":50},"end":{"line":60,"column":72}},"18":{"start":{"line":62,"column":2},"end":{"line":65,"column":null}},"19":{"start":{"line":63,"column":10},"end":{"line":63,"column":null}},"20":{"start":{"line":64,"column":4},"end":{"line":64,"column":null}}},"fnMap":{"0":{"name":"addAlert","decl":{"start":{"line":7,"column":22},"end":{"line":7,"column":null}},"loc":{"start":{"line":12,"column":17},"end":{"line":25,"column":null}},"line":12},"1":{"name":"unlockAchievement","decl":{"start":{"line":27,"column":22},"end":{"line":27,"column":40}},"loc":{"start":{"line":27,"column":78},"end":{"line":39,"column":null}},"line":27},"2":{"name":"(anonymous_2)","decl":{"start":{"line":28,"column":45},"end":{"line":28,"column":50}},"loc":{"start":{"line":28,"column":50},"end":{"line":28,"column":72}},"line":28},"3":{"name":"updateAchievementProgress","decl":{"start":{"line":41,"column":22},"end":{"line":41,"column":null}},"loc":{"start":{"line":44,"column":17},"end":{"line":54,"column":null}},"line":44},"4":{"name":"(anonymous_4)","decl":{"start":{"line":45,"column":45},"end":{"line":45,"column":50}},"loc":{"start":{"line":45,"column":50},"end":{"line":45,"column":72}},"line":45},"5":{"name":"incrementAchievementProgress","decl":{"start":{"line":56,"column":22},"end":{"line":56,"column":null}},"loc":{"start":{"line":59,"column":17},"end":{"line":66,"column":null}},"line":59},"6":{"name":"(anonymous_6)","decl":{"start":{"line":60,"column":45},"end":{"line":60,"column":50}},"loc":{"start":{"line":60,"column":50},"end":{"line":60,"column":72}},"line":60}},"branchMap":{"0":{"loc":{"start":{"line":30,"column":2},"end":{"line":38,"column":null}},"type":"if","locations":[{"start":{"line":30,"column":2},"end":{"line":38,"column":null}},{"start":{},"end":{}}],"line":30},"1":{"loc":{"start":{"line":30,"column":6},"end":{"line":30,"column":46}},"type":"binary-expr","locations":[{"start":{"line":30,"column":6},"end":{"line":30,"column":21}},{"start":{"line":30,"column":21},"end":{"line":30,"column":46}}],"line":30},"2":{"loc":{"start":{"line":47,"column":2},"end":{"line":53,"column":null}},"type":"if","locations":[{"start":{"line":47,"column":2},"end":{"line":53,"column":null}},{"start":{},"end":{}}],"line":47},"3":{"loc":{"start":{"line":48,"column":46},"end":{"line":48,"column":74}},"type":"binary-expr","locations":[{"start":{"line":48,"column":46},"end":{"line":48,"column":73}},{"start":{"line":48,"column":73},"end":{"line":48,"column":74}}],"line":48},"4":{"loc":{"start":{"line":50,"column":4},"end":{"line":52,"column":null}},"type":"if","locations":[{"start":{"line":50,"column":4},"end":{"line":52,"column":null}},{"start":{},"end":{}}],"line":50},"5":{"loc":{"start":{"line":50,"column":8},"end":{"line":50,"column":85}},"type":"binary-expr","locations":[{"start":{"line":50,"column":8},"end":{"line":50,"column":60}},{"start":{"line":50,"column":60},"end":{"line":50,"column":85}}],"line":50},"6":{"loc":{"start":{"line":58,"column":2},"end":{"line":58,"column":null}},"type":"default-arg","locations":[{"start":{"line":58,"column":19},"end":{"line":58,"column":null}}],"line":58},"7":{"loc":{"start":{"line":62,"column":2},"end":{"line":65,"column":null}},"type":"if","locations":[{"start":{"line":62,"column":2},"end":{"line":65,"column":null}},{"start":{},"end":{}}],"line":62},"8":{"loc":{"start":{"line":63,"column":25},"end":{"line":63,"column":54}},"type":"binary-expr","locations":[{"start":{"line":63,"column":25},"end":{"line":63,"column":49}},{"start":{"line":63,"column":49},"end":{"line":63,"column":54}}],"line":63}},"s":{"0":1,"1":1,"2":7,"3":7,"4":7,"5":2,"6":0,"7":2,"8":0,"9":0,"10":4,"11":0,"12":4,"13":0,"14":0,"15":0,"16":4,"17":0,"18":4,"19":0,"20":0},"f":{"0":7,"1":2,"2":0,"3":4,"4":0,"5":4,"6":0},"b":{"0":[0,2],"1":[2,0],"2":[0,4],"3":[0,0],"4":[0,0],"5":[0,0],"6":[4],"7":[0,4],"8":[0,0]},"meta":{"lastBranch":9,"lastFunction":7,"lastStatement":21,"seen":{"s:4:29:4:Infinity":0,"s:5:41:5:Infinity":1,"f:7:22:7:Infinity":0,"s:13:26:21:Infinity":2,"s:23:2:23:Infinity":3,"s:24:2:24:Infinity":4,"f:27:22:27:40":1,"s:28:22:28:Infinity":5,"f:28:45:28:50":2,"s:28:50:28:72":6,"b:30:2:38:Infinity:undefined:undefined:undefined:undefined":0,"s:30:2:38:Infinity":7,"b:30:6:30:21:30:21:30:46":1,"s:31:4:31:Infinity":8,"s:33:4:37:Infinity":9,"f:41:22:41:Infinity":3,"s:45:22:45:Infinity":10,"f:45:45:45:50":4,"s:45:50:45:72":11,"b:47:2:53:Infinity:undefined:undefined:undefined:undefined":2,"s:47:2:53:Infinity":12,"s:48:4:48:Infinity":13,"b:48:46:48:73:48:73:48:74":3,"b:50:4:52:Infinity:undefined:undefined:undefined:undefined":4,"s:50:4:52:Infinity":14,"b:50:8:50:60:50:60:50:85":5,"s:51:6:51:Infinity":15,"f:56:22:56:Infinity":5,"b:58:19:58:Infinity":6,"s:60:22:60:Infinity":16,"f:60:45:60:50":6,"s:60:50:60:72":17,"b:62:2:65:Infinity:undefined:undefined:undefined:undefined":7,"s:62:2:65:Infinity":18,"s:63:10:63:Infinity":19,"b:63:25:63:49:63:49:63:54":8,"s:64:4:64:Infinity":20}}}
}
